PdfiumLibExample.lpi Note: ã‚«ã‚¹ã‚¿ãƒ ã‚ªãƒ—ã‚·ãƒ§ãƒ³ã«è¿½åŠ ã•ã‚ŒãŸdefines  -dBorland -dVer150 -dDelphi7 -dCompiler6_Up -dPUREPASCAL
 Progress: ã™ã¹ã¦ã®ãƒ¦ãƒ‹ãƒƒãƒˆãƒ•ã‚¡ã‚¤ãƒ«ãŒè¦‹ã¤ã‹ã‚Šã¾ã—ãŸ
PdfiumLibExample.lpr(1,26) Note: Added MODE Delphi syntax modifier after unit name.
 : 
 : *** ãƒ—ãƒ­ã‚¸ã‚§ã‚¯ãƒˆï¼ãƒ‘ãƒƒã‚±ãƒ¼ã‚¸ã«å±ã™ã‚‹ãƒ¦ãƒ‹ãƒƒãƒˆãƒ•ã‚¡ã‚¤ãƒ«ã‚’å¤‰æ›ä¸­ ***
MainFrm.pas(1,14) Note: Added MODE Delphi syntax modifier after unit name.
PdfiumCore.pas(1578,15) Note: CloseHandle(FFileHandle);ã®å‘¼ã³å‡ºã—ã‚’FileClose(FFileHandle);{ *CloseHandleã‹ã‚‰å¤‰æ›* }ã«ç½®æ›
PdfiumCtrl.pas Note: usesç¯€ã‹ã‚‰ãƒ¦ãƒ‹ãƒƒãƒˆ"ShellAPI"ã‚’å‰Šé™¤ã—ã¾ã—ãŸã€‚
PdfiumCtrl.pas Note: usesç¯€ã«ãŠã‘ã‚‹ãƒ¦ãƒ‹ãƒƒãƒˆ"Windows"ã‚’"LCLIntf, LMessages"ã§ç½®æ›ã—ã¾ã—ãŸã€‚
PdfiumLibExample.lpi Note: ä¾å­˜ã™ã‚‹ã‚‚ã®ã¨ã—ã¦è¿½åŠ ã•ã‚ŒãŸãƒ‘ãƒƒã‚±ãƒ¼ã‚¸ Printer4Lazarus
 : 
 : *** ä½¿ç”¨ãƒ¦ãƒ‹ãƒƒãƒˆã®ä¿®æ­£ã¨ãƒ•ã‚©ãƒ¼ãƒ ãƒ•ã‚¡ã‚¤ãƒ«ã®ä¿®å¾©ä¸­ ***
MainFrm.pas Note: ãƒ—ãƒ­ãƒ‘ãƒ†ã‚£ã‚’å‰Šé™¤"TextHeight"
MainFrm.pas Note: ãƒ—ãƒ­ãƒ‘ãƒ†ã‚£ã‚’å‰Šé™¤"PixelsPerInch"
MainFrm.pas Note: ãƒ—ãƒ­ãƒ‘ãƒ†ã‚£ã‚’å‰Šé™¤"OnCreate"
MainFrm.pas Note: ãƒ—ãƒ­ãƒ‘ãƒ†ã‚£ã‚’å‰Šé™¤"OldCreateOrder"
MainFrm.pas Note: ãƒ—ãƒ­ãƒ‘ãƒ†ã‚£ã‚’å‰Šé™¤"Font.Style"
MainFrm.pas Note: ãƒ—ãƒ­ãƒ‘ãƒ†ã‚£ã‚’å‰Šé™¤"Font.Name"
MainFrm.pas Note: ãƒ—ãƒ­ãƒ‘ãƒ†ã‚£ã‚’å‰Šé™¤"Font.Height"
MainFrm.pas Note: ãƒ—ãƒ­ãƒ‘ãƒ†ã‚£ã‚’å‰Šé™¤"Font.Color"
MainFrm.pas Note: ãƒ—ãƒ­ãƒ‘ãƒ†ã‚£ã‚’å‰Šé™¤"Font.Charset"
MainFrm.pas Note: ãƒ—ãƒ­ãƒ‘ãƒ†ã‚£ã‚’å‰Šé™¤"Color"
MainFrm.pas Note: ãƒ—ãƒ­ãƒ‘ãƒ†ã‚£ã‚’å‰Šé™¤"ClientWidth"
MainFrm.pas Note: ãƒ—ãƒ­ãƒ‘ãƒ†ã‚£ã‚’å‰Šé™¤"ClientHeight"
MainFrm.pas Note: ãƒ—ãƒ­ãƒ‘ãƒ†ã‚£ã‚’å‰Šé™¤"Caption"
MainFrm.pas Note: ãƒ—ãƒ­ãƒ‘ãƒ†ã‚£ã‚’å‰Šé™¤"Top"
MainFrm.pas Note: ãƒ—ãƒ­ãƒ‘ãƒ†ã‚£ã‚’å‰Šé™¤"Left"
MainFrm.pas Note: ãƒ¦ãƒ‹ãƒƒãƒˆ"ComCtrls"ã‚’usesç¯€ã«è¿½åŠ ã—ã¾ã—ãŸ
MainFrm.pas Note: ãƒ¦ãƒ‹ãƒƒãƒˆ"ExtCtrls"ã‚’usesç¯€ã«è¿½åŠ ã—ã¾ã—ãŸ
MainFrm.pas Note: ãƒ¦ãƒ‹ãƒƒãƒˆ"StdCtrls"ã‚’usesç¯€ã«è¿½åŠ ã—ã¾ã—ãŸ
MainFrm.pas Note: ãƒ¦ãƒ‹ãƒƒãƒˆ"StdCtrls"ã‚’usesç¯€ã«è¿½åŠ ã—ã¾ã—ãŸ
MainFrm.pas Note: ãƒ¦ãƒ‹ãƒƒãƒˆ"Spin"ã‚’usesç¯€ã«è¿½åŠ ã—ã¾ã—ãŸ
MainFrm.pas Note: ãƒ¦ãƒ‹ãƒƒãƒˆ"PrintersDlgs"ã‚’usesç¯€ã«è¿½åŠ ã—ã¾ã—ãŸ
MainFrm.pas Note: ãƒ¦ãƒ‹ãƒƒãƒˆ"Dialogs"ã‚’usesç¯€ã«è¿½åŠ ã—ã¾ã—ãŸ
MainFrm.pas Note: ãƒ¦ãƒ‹ãƒƒãƒˆ"Dialogs"ã‚’usesç¯€ã«è¿½åŠ ã—ã¾ã—ãŸ
MainFrm.pas Note: ãƒ¦ãƒ‹ãƒƒãƒˆ"ComCtrls"ã‚’usesç¯€ã«è¿½åŠ ã—ã¾ã—ãŸ
MainFrm.pas Note: ãƒ¦ãƒ‹ãƒƒãƒˆ"ExtCtrls"ã‚’usesç¯€ã«è¿½åŠ ã—ã¾ã—ãŸ
MainFrm.pas Note: ãƒ¦ãƒ‹ãƒƒãƒˆ"PrintersDlgs"ã‚’usesç¯€ã«è¿½åŠ ã—ã¾ã—ãŸ
MainFrm.pas Note: ãƒ¦ãƒ‹ãƒƒãƒˆ"Dialogs"ã‚’usesç¯€ã«è¿½åŠ ã—ã¾ã—ãŸ
MainFrm.pas Note: ãƒ¦ãƒ‹ãƒƒãƒˆ"Dialogs"ã‚’usesç¯€ã«è¿½åŠ ã—ã¾ã—ãŸ
MainFrm.pas Note: ãƒ¦ãƒ‹ãƒƒãƒˆ"ComCtrls"ã‚’usesç¯€ã«è¿½åŠ ã—ã¾ã—ãŸ
MainFrm.pas Note: ãƒ¦ãƒ‹ãƒƒãƒˆ"ExtCtrls"ã‚’usesç¯€ã«è¿½åŠ ã—ã¾ã—ãŸ
MainFrm.pas Note: ãƒ¦ãƒ‹ãƒƒãƒˆ"PrintersDlgs"ã‚’usesç¯€ã«è¿½åŠ ã—ã¾ã—ãŸ
MainFrm.pas Note: ãƒ¦ãƒ‹ãƒƒãƒˆ"Dialogs"ã‚’usesç¯€ã«è¿½åŠ ã—ã¾ã—ãŸ
MainFrm.pas Note: ãƒ¦ãƒ‹ãƒƒãƒˆ"Dialogs"ã‚’usesç¯€ã«è¿½åŠ ã—ã¾ã—ãŸ
MainFrm.pas Note: ãƒ¦ãƒ‹ãƒƒãƒˆ"ComCtrls"ã‚’usesç¯€ã«è¿½åŠ ã—ã¾ã—ãŸ
MainFrm.pas Note: ãƒ¦ãƒ‹ãƒƒãƒˆ"ExtCtrls"ã‚’usesç¯€ã«è¿½åŠ ã—ã¾ã—ãŸ
MainFrm.pas Note: ãƒ¦ãƒ‹ãƒƒãƒˆ"PrintersDlgs"ã‚’usesç¯€ã«è¿½åŠ ã—ã¾ã—ãŸ
MainFrm.pas Note: ãƒ¦ãƒ‹ãƒƒãƒˆ"Dialogs"ã‚’usesç¯€ã«è¿½åŠ ã—ã¾ã—ãŸ
MainFrm.pas Note: ãƒ¦ãƒ‹ãƒƒãƒˆ"Dialogs"ã‚’usesç¯€ã«è¿½åŠ ã—ã¾ã—ãŸ
MainFrm.pas Note: ãƒ¦ãƒ‹ãƒƒãƒˆ"ComCtrls"ã‚’usesç¯€ã«è¿½åŠ ã—ã¾ã—ãŸ
MainFrm.pas Note: ãƒ¦ãƒ‹ãƒƒãƒˆ"ExtCtrls"ã‚’usesç¯€ã«è¿½åŠ ã—ã¾ã—ãŸ
MainFrm.pas Note: ãƒ¦ãƒ‹ãƒƒãƒˆ"PrintersDlgs"ã‚’usesç¯€ã«è¿½åŠ ã—ã¾ã—ãŸ
MainFrm.pas Note: ãƒ¦ãƒ‹ãƒƒãƒˆ"Dialogs"ã‚’usesç¯€ã«è¿½åŠ ã—ã¾ã—ãŸ
MainFrm.pas Note: ãƒ¦ãƒ‹ãƒƒãƒˆ"Dialogs"ã‚’usesç¯€ã«è¿½åŠ ã—ã¾ã—ãŸ
MainFrm.pas Note: ãƒ¦ãƒ‹ãƒƒãƒˆ"ComCtrls"ã‚’usesç¯€ã«è¿½åŠ ã—ã¾ã—ãŸ
MainFrm.pas Note: ãƒ¦ãƒ‹ãƒƒãƒˆ"ExtCtrls"ã‚’usesç¯€ã«è¿½åŠ ã—ã¾ã—ãŸ
MainFrm.pas Note: ãƒ¦ãƒ‹ãƒƒãƒˆ"PrintersDlgs"ã‚’usesç¯€ã«è¿½åŠ ã—ã¾ã—ãŸ
MainFrm.pas Note: ãƒ¦ãƒ‹ãƒƒãƒˆ"Dialogs"ã‚’usesç¯€ã«è¿½åŠ ã—ã¾ã—ãŸ
MainFrm.pas Note: ãƒ¦ãƒ‹ãƒƒãƒˆ"Dialogs"ã‚’usesç¯€ã«è¿½åŠ ã—ã¾ã—ãŸ
MainFrm.pas Note: ãƒ¦ãƒ‹ãƒƒãƒˆ"ComCtrls"ã‚’usesç¯€ã«è¿½åŠ ã—ã¾ã—ãŸ
MainFrm.pas Note: ãƒ¦ãƒ‹ãƒƒãƒˆ"ExtCtrls"ã‚’usesç¯€ã«è¿½åŠ ã—ã¾ã—ãŸ
MainFrm.pas Note: ãƒ¦ãƒ‹ãƒƒãƒˆ"PrintersDlgs"ã‚’usesç¯€ã«è¿½åŠ ã—ã¾ã—ãŸ
MainFrm.pas Note: ãƒ¦ãƒ‹ãƒƒãƒˆ"Dialogs"ã‚’usesç¯€ã«è¿½åŠ ã—ã¾ã—ãŸ
MainFrm.pas Note: ãƒ¦ãƒ‹ãƒƒãƒˆ"Dialogs"ã‚’usesç¯€ã«è¿½åŠ ã—ã¾ã—ãŸ
MainFrm.pas Note: ãƒ¦ãƒ‹ãƒƒãƒˆ"ComCtrls"ã‚’usesç¯€ã«è¿½åŠ ã—ã¾ã—ãŸ
MainFrm.pas Note: ãƒ¦ãƒ‹ãƒƒãƒˆ"ExtCtrls"ã‚’usesç¯€ã«è¿½åŠ ã—ã¾ã—ãŸ
MainFrm.pas Note: ãƒ¦ãƒ‹ãƒƒãƒˆ"PrintersDlgs"ã‚’usesç¯€ã«è¿½åŠ ã—ã¾ã—ãŸ
MainFrm.pas Note: ãƒ¦ãƒ‹ãƒƒãƒˆ"Dialogs"ã‚’usesç¯€ã«è¿½åŠ ã—ã¾ã—ãŸ
MainFrm.pas Note: ãƒ¦ãƒ‹ãƒƒãƒˆ"Dialogs"ã‚’usesç¯€ã«è¿½åŠ ã—ã¾ã—ãŸ
MainFrm.pas Note: ãƒ¦ãƒ‹ãƒƒãƒˆ"ComCtrls"ã‚’usesç¯€ã«è¿½åŠ ã—ã¾ã—ãŸ
MainFrm.pas Note: ãƒ¦ãƒ‹ãƒƒãƒˆ"ExtCtrls"ã‚’usesç¯€ã«è¿½åŠ ã—ã¾ã—ãŸ
MainFrm.pas Note: ãƒ¦ãƒ‹ãƒƒãƒˆ"PrintersDlgs"ã‚’usesç¯€ã«è¿½åŠ ã—ã¾ã—ãŸ
MainFrm.pas Note: ãƒ¦ãƒ‹ãƒƒãƒˆ"Dialogs"ã‚’usesç¯€ã«è¿½åŠ ã—ã¾ã—ãŸ
MainFrm.pas Note: ãƒ¦ãƒ‹ãƒƒãƒˆ"Dialogs"ã‚’usesç¯€ã«è¿½åŠ ã—ã¾ã—ãŸ
MainFrm.pas Note: ãƒ¦ãƒ‹ãƒƒãƒˆ"ComCtrls"ã‚’usesç¯€ã«è¿½åŠ ã—ã¾ã—ãŸ
MainFrm.pas Note: ãƒ¦ãƒ‹ãƒƒãƒˆ"ExtCtrls"ã‚’usesç¯€ã«è¿½åŠ ã—ã¾ã—ãŸ
MainFrm.pas Note: ãƒ¦ãƒ‹ãƒƒãƒˆ"PrintersDlgs"ã‚’usesç¯€ã«è¿½åŠ ã—ã¾ã—ãŸ
MainFrm.pas Note: ãƒ¦ãƒ‹ãƒƒãƒˆ"Dialogs"ã‚’usesç¯€ã«è¿½åŠ ã—ã¾ã—ãŸ
MainFrm.pas Note: ãƒ¦ãƒ‹ãƒƒãƒˆ"Dialogs"ã‚’usesç¯€ã«è¿½åŠ ã—ã¾ã—ãŸ
MainFrm.pas Note: ãƒ¦ãƒ‹ãƒƒãƒˆ"ComCtrls"ã‚’usesç¯€ã«è¿½åŠ ã—ã¾ã—ãŸ
MainFrm.pas Note: ãƒ¦ãƒ‹ãƒƒãƒˆ"ExtCtrls"ã‚’usesç¯€ã«è¿½åŠ ã—ã¾ã—ãŸ
MainFrm.pas Note: ãƒ¦ãƒ‹ãƒƒãƒˆ"PrintersDlgs"ã‚’usesç¯€ã«è¿½åŠ ã—ã¾ã—ãŸ
MainFrm.pas Note: ãƒ¦ãƒ‹ãƒƒãƒˆ"Dialogs"ã‚’usesç¯€ã«è¿½åŠ ã—ã¾ã—ãŸ
MainFrm.pas Note: ãƒ¦ãƒ‹ãƒƒãƒˆ"Dialogs"ã‚’usesç¯€ã«è¿½åŠ ã—ã¾ã—ãŸ
MainFrm.pas Note: ãƒ¦ãƒ‹ãƒƒãƒˆ"ComCtrls"ã‚’usesç¯€ã«è¿½åŠ ã—ã¾ã—ãŸ
MainFrm.pas Note: ãƒ¦ãƒ‹ãƒƒãƒˆ"ExtCtrls"ã‚’usesç¯€ã«è¿½åŠ ã—ã¾ã—ãŸ
MainFrm.pas Note: ãƒ¦ãƒ‹ãƒƒãƒˆ"PrintersDlgs"ã‚’usesç¯€ã«è¿½åŠ ã—ã¾ã—ãŸ
MainFrm.pas Note: ãƒ¦ãƒ‹ãƒƒãƒˆ"Dialogs"ã‚’usesç¯€ã«è¿½åŠ ã—ã¾ã—ãŸ
MainFrm.pas Note: ãƒ¦ãƒ‹ãƒƒãƒˆ"Dialogs"ã‚’usesç¯€ã«è¿½åŠ ã—ã¾ã—ãŸ
MainFrm.pas Note: ãƒ¦ãƒ‹ãƒƒãƒˆ"ComCtrls"ã‚’usesç¯€ã«è¿½åŠ ã—ã¾ã—ãŸ
MainFrm.pas Note: ãƒ¦ãƒ‹ãƒƒãƒˆ"ExtCtrls"ã‚’usesç¯€ã«è¿½åŠ ã—ã¾ã—ãŸ
MainFrm.pas Note: ãƒ¦ãƒ‹ãƒƒãƒˆ"PrintersDlgs"ã‚’usesç¯€ã«è¿½åŠ ã—ã¾ã—ãŸ
MainFrm.pas Note: ãƒ¦ãƒ‹ãƒƒãƒˆ"Dialogs"ã‚’usesç¯€ã«è¿½åŠ ã—ã¾ã—ãŸ
MainFrm.pas Note: ãƒ¦ãƒ‹ãƒƒãƒˆ"Dialogs"ã‚’usesç¯€ã«è¿½åŠ ã—ã¾ã—ãŸ
MainFrm.pas Note: ãƒ¦ãƒ‹ãƒƒãƒˆ"ComCtrls"ã‚’usesç¯€ã«è¿½åŠ ã—ã¾ã—ãŸ
MainFrm.pas Note: ãƒ¦ãƒ‹ãƒƒãƒˆ"ExtCtrls"ã‚’usesç¯€ã«è¿½åŠ ã—ã¾ã—ãŸ
MainFrm.pas Note: ãƒ¦ãƒ‹ãƒƒãƒˆ"PrintersDlgs"ã‚’usesç¯€ã«è¿½åŠ ã—ã¾ã—ãŸ
MainFrm.pas Note: ãƒ¦ãƒ‹ãƒƒãƒˆ"Dialogs"ã‚’usesç¯€ã«è¿½åŠ ã—ã¾ã—ãŸ
MainFrm.pas Note: ãƒ¦ãƒ‹ãƒƒãƒˆ"Dialogs"ã‚’usesç¯€ã«è¿½åŠ ã—ã¾ã—ãŸ
MainFrm.pas Note: ãƒ¦ãƒ‹ãƒƒãƒˆ"ComCtrls"ã‚’usesç¯€ã«è¿½åŠ ã—ã¾ã—ãŸ
MainFrm.pas Note: ãƒ¦ãƒ‹ãƒƒãƒˆ"ExtCtrls"ã‚’usesç¯€ã«è¿½åŠ ã—ã¾ã—ãŸ
MainFrm.pas Note: ãƒ¦ãƒ‹ãƒƒãƒˆ"PrintersDlgs"ã‚’usesç¯€ã«è¿½åŠ ã—ã¾ã—ãŸ
MainFrm.pas Note: ãƒ¦ãƒ‹ãƒƒãƒˆ"Dialogs"ã‚’usesç¯€ã«è¿½åŠ ã—ã¾ã—ãŸ
MainFrm.pas Note: ãƒ¦ãƒ‹ãƒƒãƒˆ"Dialogs"ã‚’usesç¯€ã«è¿½åŠ ã—ã¾ã—ãŸ
MainFrm.pas Note: ãƒ¦ãƒ‹ãƒƒãƒˆ"ComCtrls"ã‚’usesç¯€ã«è¿½åŠ ã—ã¾ã—ãŸ
MainFrm.pas Note: ãƒ¦ãƒ‹ãƒƒãƒˆ"ExtCtrls"ã‚’usesç¯€ã«è¿½åŠ ã—ã¾ã—ãŸ
MainFrm.pas Note: ãƒ¦ãƒ‹ãƒƒãƒˆ"PrintersDlgs"ã‚’usesç¯€ã«è¿½åŠ ã—ã¾ã—ãŸ
MainFrm.pas Note: ãƒ¦ãƒ‹ãƒƒãƒˆ"Dialogs"ã‚’usesç¯€ã«è¿½åŠ ã—ã¾ã—ãŸ
MainFrm.pas Note: ãƒ¦ãƒ‹ãƒƒãƒˆ"Dialogs"ã‚’usesç¯€ã«è¿½åŠ ã—ã¾ã—ãŸ
MainFrm.pas Note: ãƒ¦ãƒ‹ãƒƒãƒˆ"ComCtrls"ã‚’usesç¯€ã«è¿½åŠ ã—ã¾ã—ãŸ
MainFrm.pas Note: ãƒ¦ãƒ‹ãƒƒãƒˆ"ExtCtrls"ã‚’usesç¯€ã«è¿½åŠ ã—ã¾ã—ãŸ
MainFrm.pas Note: ãƒ¦ãƒ‹ãƒƒãƒˆ"PrintersDlgs"ã‚’usesç¯€ã«è¿½åŠ ã—ã¾ã—ãŸ
MainFrm.pas Note: ãƒ¦ãƒ‹ãƒƒãƒˆ"Dialogs"ã‚’usesç¯€ã«è¿½åŠ ã—ã¾ã—ãŸ
MainFrm.pas Note: ãƒ¦ãƒ‹ãƒƒãƒˆ"Dialogs"ã‚’usesç¯€ã«è¿½åŠ ã—ã¾ã—ãŸ
MainFrm.pas Note: ãƒ¦ãƒ‹ãƒƒãƒˆ"ComCtrls"ã‚’usesç¯€ã«è¿½åŠ ã—ã¾ã—ãŸ
MainFrm.pas Note: ãƒ¦ãƒ‹ãƒƒãƒˆ"ExtCtrls"ã‚’usesç¯€ã«è¿½åŠ ã—ã¾ã—ãŸ
MainFrm.pas Note: ãƒ¦ãƒ‹ãƒƒãƒˆ"PrintersDlgs"ã‚’usesç¯€ã«è¿½åŠ ã—ã¾ã—ãŸ
MainFrm.pas Note: ãƒ¦ãƒ‹ãƒƒãƒˆ"Dialogs"ã‚’usesç¯€ã«è¿½åŠ ã—ã¾ã—ãŸ
MainFrm.pas Note: ãƒ¦ãƒ‹ãƒƒãƒˆ"Dialogs"ã‚’usesç¯€ã«è¿½åŠ ã—ã¾ã—ãŸ
MainFrm.pas Note: ãƒ¦ãƒ‹ãƒƒãƒˆ"ComCtrls"ã‚’usesç¯€ã«è¿½åŠ ã—ã¾ã—ãŸ
MainFrm.pas Note: ãƒ¦ãƒ‹ãƒƒãƒˆ"ExtCtrls"ã‚’usesç¯€ã«è¿½åŠ ã—ã¾ã—ãŸ
MainFrm.pas Note: ãƒ¦ãƒ‹ãƒƒãƒˆ"PrintersDlgs"ã‚’usesç¯€ã«è¿½åŠ ã—ã¾ã—ãŸ
MainFrm.pas Note: ãƒ¦ãƒ‹ãƒƒãƒˆ"Dialogs"ã‚’usesç¯€ã«è¿½åŠ ã—ã¾ã—ãŸ
MainFrm.pas Note: ãƒ¦ãƒ‹ãƒƒãƒˆ"Dialogs"ã‚’usesç¯€ã«è¿½åŠ ã—ã¾ã—ãŸ
MainFrm.pas Note: ãƒ¦ãƒ‹ãƒƒãƒˆ"ComCtrls"ã‚’usesç¯€ã«è¿½åŠ ã—ã¾ã—ãŸ
MainFrm.pas Note: ãƒ¦ãƒ‹ãƒƒãƒˆ"ExtCtrls"ã‚’usesç¯€ã«è¿½åŠ ã—ã¾ã—ãŸ
MainFrm.pas Note: ãƒ¦ãƒ‹ãƒƒãƒˆ"PrintersDlgs"ã‚’usesç¯€ã«è¿½åŠ ã—ã¾ã—ãŸ
MainFrm.pas Note: ãƒ¦ãƒ‹ãƒƒãƒˆ"Dialogs"ã‚’usesç¯€ã«è¿½åŠ ã—ã¾ã—ãŸ
MainFrm.pas Note: ãƒ¦ãƒ‹ãƒƒãƒˆ"Dialogs"ã‚’usesç¯€ã«è¿½åŠ ã—ã¾ã—ãŸ
MainFrm.pas Note: ãƒ¦ãƒ‹ãƒƒãƒˆ"ComCtrls"ã‚’usesç¯€ã«è¿½åŠ ã—ã¾ã—ãŸ
MainFrm.pas Note: ãƒ¦ãƒ‹ãƒƒãƒˆ"ExtCtrls"ã‚’usesç¯€ã«è¿½åŠ ã—ã¾ã—ãŸ
MainFrm.pas Note: ãƒ¦ãƒ‹ãƒƒãƒˆ"PrintersDlgs"ã‚’usesç¯€ã«è¿½åŠ ã—ã¾ã—ãŸ
MainFrm.pas Note: ãƒ¦ãƒ‹ãƒƒãƒˆ"Dialogs"ã‚’usesç¯€ã«è¿½åŠ ã—ã¾ã—ãŸ
MainFrm.pas Note: ãƒ¦ãƒ‹ãƒƒãƒˆ"Dialogs"ã‚’usesç¯€ã«è¿½åŠ ã—ã¾ã—ãŸ
MainFrm.pas Note: ãƒ¦ãƒ‹ãƒƒãƒˆ"ComCtrls"ã‚’usesç¯€ã«è¿½åŠ ã—ã¾ã—ãŸ
MainFrm.pas Note: ãƒ¦ãƒ‹ãƒƒãƒˆ"ExtCtrls"ã‚’usesç¯€ã«è¿½åŠ ã—ã¾ã—ãŸ
MainFrm.pas Note: ãƒ¦ãƒ‹ãƒƒãƒˆ"PrintersDlgs"ã‚’usesç¯€ã«è¿½åŠ ã—ã¾ã—ãŸ
MainFrm.pas Note: ãƒ¦ãƒ‹ãƒƒãƒˆ"Dialogs"ã‚’usesç¯€ã«è¿½åŠ ã—ã¾ã—ãŸ
MainFrm.pas Note: ãƒ¦ãƒ‹ãƒƒãƒˆ"Dialogs"ã‚’usesç¯€ã«è¿½åŠ ã—ã¾ã—ãŸ
MainFrm.pas Note: ãƒ¦ãƒ‹ãƒƒãƒˆ"ComCtrls"ã‚’usesç¯€ã«è¿½åŠ ã—ã¾ã—ãŸ
MainFrm.pas Note: ãƒ¦ãƒ‹ãƒƒãƒˆ"ExtCtrls"ã‚’usesç¯€ã«è¿½åŠ ã—ã¾ã—ãŸ
MainFrm.pas Note: ãƒ¦ãƒ‹ãƒƒãƒˆ"PrintersDlgs"ã‚’usesç¯€ã«è¿½åŠ ã—ã¾ã—ãŸ
MainFrm.pas Note: ãƒ¦ãƒ‹ãƒƒãƒˆ"Dialogs"ã‚’usesç¯€ã«è¿½åŠ ã—ã¾ã—ãŸ
MainFrm.pas Note: ãƒ¦ãƒ‹ãƒƒãƒˆ"Dialogs"ã‚’usesç¯€ã«è¿½åŠ ã—ã¾ã—ãŸ
MainFrm.pas Note: ãƒ¦ãƒ‹ãƒƒãƒˆ"ComCtrls"ã‚’usesç¯€ã«è¿½åŠ ã—ã¾ã—ãŸ
MainFrm.pas Note: ãƒ¦ãƒ‹ãƒƒãƒˆ"ExtCtrls"ã‚’usesç¯€ã«è¿½åŠ ã—ã¾ã—ãŸ
MainFrm.pas Note: ãƒ¦ãƒ‹ãƒƒãƒˆ"PrintersDlgs"ã‚’usesç¯€ã«è¿½åŠ ã—ã¾ã—ãŸ
MainFrm.pas Note: ãƒ¦ãƒ‹ãƒƒãƒˆ"Dialogs"ã‚’usesç¯€ã«è¿½åŠ ã—ã¾ã—ãŸ
MainFrm.pas Note: ãƒ¦ãƒ‹ãƒƒãƒˆ"Dialogs"ã‚’usesç¯€ã«è¿½åŠ ã—ã¾ã—ãŸ
MainFrm.pas Note: ãƒ¦ãƒ‹ãƒƒãƒˆ"ComCtrls"ã‚’usesç¯€ã«è¿½åŠ ã—ã¾ã—ãŸ
MainFrm.pas Note: ãƒ¦ãƒ‹ãƒƒãƒˆ"ExtCtrls"ã‚’usesç¯€ã«è¿½åŠ ã—ã¾ã—ãŸ
MainFrm.pas Note: ãƒ¦ãƒ‹ãƒƒãƒˆ"PrintersDlgs"ã‚’usesç¯€ã«è¿½åŠ ã—ã¾ã—ãŸ
MainFrm.pas Note: ãƒ¦ãƒ‹ãƒƒãƒˆ"Dialogs"ã‚’usesç¯€ã«è¿½åŠ ã—ã¾ã—ãŸ
MainFrm.pas Note: ãƒ¦ãƒ‹ãƒƒãƒˆ"Dialogs"ã‚’usesç¯€ã«è¿½åŠ ã—ã¾ã—ãŸ
 Progress: å¤‰æ›ã«è¦ã—ãŸæ™‚é–“:  00æ00æ35
 : å¤‰æ›ã®æº–å‚™ãŒã§ãã¾ã—ãŸ
