[2025-10-14 17:22:57] [INFO] PDF Viewer が起動しました
[2025-10-14 17:23:00] [INFO] PDFファイルを読み込み中: wp_J_202509.pdf
[2025-10-14 17:23:00] [ERROR] PDFファイルの読み込みに失敗しました: Invalid page index
[2025-10-14 17:23:01] [INFO] PDF Viewer を終了します
[2025-10-14 17:23:30] [INFO] PDF Viewer が起動しました
[2025-10-14 17:23:32] [INFO] PDFファイルを読み込み中: wp_J_202509.pdf
[2025-10-14 17:23:32] [ERROR] PDFファイルの読み込みに失敗しました: Invalid page index
[2025-10-14 17:23:34] [INFO] PDF Viewer を終了します
[2025-10-14 17:39:52] [INFO] PDF Viewer が起動しました
[2025-10-14 17:39:55] [INFO] PDFファイルを読み込み中: wp_J_202509.pdf
[2025-10-14 17:39:55] [INFO] PDFファイルの読み込みが完了しました (ページ数: 16)
[2025-10-14 17:39:58] [INFO] PDF Viewer を終了します
[2025-10-14 17:44:43] [INFO] PDF Viewer が起動しました
[2025-10-14 17:44:46] [INFO] PDFファイルを読み込み中: wp_J_202509.pdf
[2025-10-14 17:45:29] [INFO] PDFファイルの読み込みが完了しました (ページ数: 16)
[2025-10-14 17:45:30] [INFO] PDF Viewer を終了します
[2025-10-14 17:45:36] [INFO] PDF Viewer が起動しました
[2025-10-14 17:45:38] [INFO] PDFファイルを読み込み中: wp_J_202509.pdf
[2025-10-14 17:45:38] [INFO] PDFファイルの読み込みが完了しました (ページ数: 16)
[2025-10-14 17:45:40] [INFO] PDF Viewer を終了します
[2025-10-14 17:46:52] [INFO] PDF Viewer が起動しました
[2025-10-14 17:46:55] [INFO] PDFファイルを読み込み中: wp_J_202509.pdf
[2025-10-14 17:46:55] [INFO] PDFファイルの読み込みが完了しました (ページ数: 16)
[2025-10-14 17:46:56] [INFO] PDF Viewer を終了します
[2025-10-14 17:48:28] [INFO] PDF Viewer が起動しました
[2025-10-14 17:48:31] [INFO] PDFファイルを読み込み中: wp_J_202509.pdf
[2025-10-14 17:48:31] [INFO] PDFファイルの読み込みが完了しました (ページ数: 16)
[2025-10-14 17:48:32] [INFO] PDF Viewer を終了します
[2025-10-14 17:51:13] [INFO] PDF Viewer が起動しました
[2025-10-14 17:51:16] [INFO] PDFファイルを読み込み中: wp_J_202509.pdf
[2025-10-14 17:51:16] [INFO] PDFファイルの読み込みが完了しました (ページ数: 16)
[2025-10-14 17:51:17] [INFO] PDF Viewer を終了します
[2025-10-14 17:57:47] [INFO] PDF Viewer が起動しました
[2025-10-14 17:57:48] [INFO] PDF Viewer を終了します
[2025-10-14 17:57:55] [INFO] PDF Viewer が起動しました
[2025-10-14 17:57:58] [INFO] PDFファイルを読み込み中: wp_J_202509.pdf
[2025-10-14 17:57:58] [INFO] PDFファイルの読み込みが完了しました (ページ数: 16)
[2025-10-14 17:57:59] [INFO] PDF Viewer を終了します
[2025-10-14 18:00:22] [INFO] PDF Viewer が起動しました
[2025-10-14 18:00:25] [INFO] PDFファイルを読み込み中: wp_J_202509.pdf
[2025-10-14 18:00:25] [INFO] PDFファイルの読み込みが完了しました (ページ数: 16)
[2025-10-14 18:00:26] [INFO] PDF Viewer を終了します
